<?xml version="1.0" encoding="UTF-8"?>
<!-- Generated by org.testng.reporters.JUnitReportReporter -->
<testsuite skipped="0" hostname="CDC2-D-CJ1QXJ2" name="com.test.javaScriptExecu" tests="1" failures="0" timestamp="02 Apr 2019 09:49:03 GMT" time="24.534" errors="0">
  <testcase name="testJS" time="24.534" classname="com.test.javaScriptExecu"/>
</testsuite> <!-- com.test.javaScriptExecu -->
