<?xml version="1.0" encoding="UTF-8"?>
<!-- Generated by org.testng.reporters.JUnitReportReporter -->
<testsuite skipped="0" hostname="CDC2-D-CJ1QXJ2" name="com.runner.MainDriver" tests="3" failures="0" timestamp="02 Apr 2019 06:23:10 GMT" time="5.838" errors="0">
  <testcase name="testLogin" time="3.275" classname="com.runner.MainDriver"/>
  <testcase name="testHomePage" time="0.686" classname="com.runner.MainDriver"/>
  <testcase name="testRegistration" time="1.877" classname="com.runner.MainDriver"/>
</testsuite> <!-- com.runner.MainDriver -->
