<?xml version="1.0" encoding="UTF-8"?>
<!-- Generated by org.testng.reporters.JUnitReportReporter -->
<testsuite skipped="0" hostname="CDC2-D-CJ1QXJ2" name="com.test.FirstDemoTest" tests="2" failures="0" timestamp="01 Apr 2019 11:29:45 GMT" time="0.024" errors="0">
  <testcase name="f1" time="0.017" classname="com.test.FirstDemoTest"/>
  <testcase name="f" time="0.007" classname="com.test.FirstDemoTest"/>
</testsuite> <!-- com.test.FirstDemoTest -->
