<?xml version="1.0" encoding="UTF-8"?>
<!-- Generated by org.testng.reporters.JUnitReportReporter -->
<testsuite hostname="LAPTOP-U7P1RU9V" name="com.test.Reports" tests="2" failures="0" timestamp="13 Aug 2019 12:13:51 GMT" time="11.189" errors="0">
  <testcase name="testFail" time="11.189" classname="com.test.Reports"/>
  <testcase name="testPass" time="0.000" classname="com.test.Reports"/>
</testsuite> <!-- com.test.Reports -->
