<?xml version="1.0" encoding="UTF-8"?>
<!-- Generated by org.testng.reporters.JUnitReportReporter -->
<testsuite hostname="LAPTOP-U7P1RU9V" name="com.test.Reports" tests="2" failures="0" timestamp="13 Aug 2019 12:23:06 GMT" time="4.825" errors="0">
  <testcase name="testFail" time="4.823" classname="com.test.Reports"/>
  <testcase name="testPass" time="0.002" classname="com.test.Reports"/>
</testsuite> <!-- com.test.Reports -->
