<?xml version="1.0" encoding="UTF-8"?>
<!-- Generated by org.testng.reporters.JUnitReportReporter -->
<testsuite skipped="0" hostname="CDC2-D-CJ1QXJ2" name="Selenium.MyLearning.FirstDemo" tests="1" failures="0" timestamp="02 Apr 2019 10:53:54 GMT" time="10.490" errors="0">
  <testcase name="test" time="10.490" classname="Selenium.MyLearning.FirstDemo"/>
</testsuite> <!-- Selenium.MyLearning.FirstDemo -->
